<?xml version="1.0" encoding="UTF-8"?>
<!-- Generated by org.testng.reporters.JUnitReportReporter -->
<testsuite hostname="DESKTOP-980EN9B" failures="0" tests="1" name="curahealthcare.tests.AppointmentTest" time="4.711" errors="0" timestamp="2022-10-09T11:22:58 EDT" skipped="0">
  <testcase classname="curahealthcare.tests.AppointmentTest" name="makeAppointment" time="4.711"/>
  <system-out/>
</testsuite> <!-- curahealthcare.tests.AppointmentTest -->
