<?xml version="1.0" encoding="UTF-8"?>
<!-- Generated by org.testng.reporters.JUnitReportReporter -->
<testsuite hostname="DESKTOP-980EN9B" failures="0" tests="3" name="curahealthcare.tests.LoginTest" time="9.407" errors="0" timestamp="2022-10-06T16:55:09 EDT" skipped="0">
  <testcase classname="curahealthcare.tests.LoginTest" name="successfulLogin" time="4.837"/>
  <system-out/>
  <testcase classname="curahealthcare.tests.LoginTest" name="incorrectPassword" time="2.303"/>
  <system-out/>
  <testcase classname="curahealthcare.tests.LoginTest" name="incorrectUsername" time="2.267"/>
  <system-out/>
</testsuite> <!-- curahealthcare.tests.LoginTest -->
