<?xml version="1.0" encoding="UTF-8"?>
<!-- Generated by org.testng.reporters.JUnitReportReporter -->
<testsuite hostname="DESKTOP-980EN9B" failures="0" tests="1" name="curahealthcare.tests.AppointmentTest" time="5.417" errors="0" timestamp="2022-10-06T16:57:25 EDT" skipped="0">
  <testcase classname="curahealthcare.tests.AppointmentTest" name="makeAppointment" time="5.417"/>
  <system-out/>
</testsuite> <!-- curahealthcare.tests.AppointmentTest -->
